[2018-09-09 19:16:47] my_logger.INFO: from:a to:b quantity:100 [] []
[2018-09-09 19:24:04] my_logger.INFO: from:a to:b quantity:100 [] []
[2018-09-09 19:26:24] my_logger.INFO: from:a to:b quantity:100 [] []
[2018-09-09 19:29:51] my_logger.INFO: from:a to:b quantity:100 [] []
[2018-09-09 19:52:41] my_logger.INFO: from:a to:b quantity:100 [] []
[2018-09-09 19:53:11] my_logger.INFO: from:a to:b quantity:100 [] []
[2018-09-09 20:04:06] my_logger.INFO: from:a to:b quantity:100 [] []
[2018-09-09 20:05:15] my_logger.INFO: from:a to:b quantity:100 [] []
[2018-09-09 20:05:23] my_logger.INFO: from:a to:b quantity:100 [] []
[2018-09-09 20:06:41] my_logger.INFO: from:INR to:b quantity:100 [] []
[2018-09-09 20:15:09] my_logger.INFO: from:INR to:USD quantity:100 [] []
[2018-09-09 20:19:51] my_logger.INFO: from:INR to:USD quantity:100 [] []
[2018-09-09 20:20:15] my_logger.INFO: from:INR to:USD quantity:100 [] []
[2018-09-09 20:21:10] my_logger.INFO: from:INR to:USD quantity:100 [] []
[2018-09-09 20:25:01] my_logger.INFO: from:INR to:USD quantity:100 [] []
[2018-09-09 20:26:05] my_logger.INFO: from:INR to:USD quantity:100 [] []
[2018-09-09 20:26:19] my_logger.INFO: from:INR to:USD quantity:100 [] []
[2018-09-09 20:37:03] my_logger.INFO: from:a to:USD quantity:100 [] []
[2018-09-09 20:37:20] my_logger.INFO: from:a to:USD quantity:100 [] []
[2018-09-09 20:37:46] my_logger.INFO: from:a to:USD quantity:100 [] []
[2018-09-09 21:25:21] my_logger.INFO: from:a to:USD quantity: [] []
[2018-09-09 21:25:39] my_logger.INFO: from:INR to:USD quantity: [] []
[2018-09-09 21:31:58] my_logger.INFO: from:INR to:USD quantity: [] []
[2018-09-09 21:32:54] my_logger.INFO: from:INR to:USD quantity:100 [] []
[2018-09-09 21:33:07] my_logger.INFO: from:INR to:USD quantity:100 [] []
[2018-09-09 21:33:14] my_logger.INFO: from:INR to:USD quantity:100 [] []
[2018-09-09 21:34:10] my_logger.INFO: from:INR to:USD quantity:100 [] []
[2018-09-09 21:35:48] my_logger.INFO: from:INR to:USD quantity:100 [] []
[2018-09-09 21:36:15] my_logger.INFO: from:INR to:USD quantity:100 [] []
[2018-09-09 21:36:40] my_logger.INFO: from:INR to:USD quantity:100 [] []
[2018-09-09 21:36:54] my_logger.INFO: from:INR to:USD quantity:100 [] []
[2018-09-09 21:40:42] my_logger.INFO: from:INR to:USD quantity:100 [] []
[2018-09-09 21:53:19] my_logger.INFO: from:INR to:USD quantity:100 [] []
[2018-09-09 21:55:13] my_logger.INFO: from:INR to:USD quantity:100 [] []
[2018-09-09 21:55:38] my_logger.INFO: from:INR to:USD quantity:100 [] []
[2018-09-09 23:21:25] my_logger.INFO: from:INR to:USD quantity:100 [] []
[2018-09-09 23:21:26] my_logger.INFO: from:INR to:USD quantity:100 [] []
[2018-09-10 18:12:30] my_logger.INFO: from:INR to:USD quantity:100 [] []
[2018-09-10 18:18:09] my_logger.INFO: from:INR to:USD quantity:100 [] []
[2018-09-10 18:18:36] my_logger.INFO: from:INR to:USD quantity:100 [] []
[2018-09-10 18:21:03] my_logger.INFO: from:INR to:USD quantity:100 [] []
[2018-09-10 18:46:40] my_logger.INFO: from:INR to:USD quantity:100 [] []
[2018-09-10 18:47:52] my_logger.INFO: from:INR to:USD quantity:100 [] []
[2018-09-10 18:48:22] my_logger.INFO: from:INR to:USD quantity:100 [] []
[2018-09-10 18:49:44] my_logger.INFO: from:INR to:USD quantity:100 [] []
[2018-09-10 18:51:27] my_logger.INFO: from:INR to:USD quantity:100 [] []
[2018-09-10 18:55:37] my_logger.INFO: from:INR to:USD quantity:100 [] []
[2018-09-10 18:55:39] my_logger.INFO: from:INR to:USD quantity:100 [] []
[2018-09-10 18:57:11] my_logger.INFO: from:INR to:USD quantity:100 [] []
[2018-09-10 18:59:58] my_logger.INFO: from:INR to:USD quantity:100 [] []
[2018-09-10 19:00:22] my_logger.INFO: from:INR to:USD quantity:100 [] []
[2018-09-10 19:00:51] my_logger.INFO: from:INR to:USD quantity:100 [] []
[2018-09-10 19:01:32] my_logger.INFO: from:INR to:USD quantity:100 [] []
[2018-09-10 19:01:38] my_logger.INFO: from:INR to:USD quantity:100 [] []
[2018-09-10 19:02:07] my_logger.INFO: from:INR to:EURO quantity:100 [] []
[2018-09-10 19:02:14] my_logger.INFO: from:INR to:EUR quantity:100 [] []
[2018-09-10 19:02:34] my_logger.INFO: from:INR to:EUR quantity:100 [] []
[2018-09-10 19:05:54] my_logger.INFO: from:INR to:EUR quantity:100 [] []
[2018-09-10 19:06:00] my_logger.INFO: from:INR to:USD quantity:100 [] []
[2018-09-10 19:08:49] my_logger.INFO: from:INR to:USD quantity:100 [] []
[2018-09-10 19:08:52] my_logger.INFO: from:INR to:USD quantity:100 [] []
[2018-09-10 19:20:34] my_logger.INFO: Request for :USD [] []
[2018-09-10 19:21:00] my_logger.INFO: Request for :INR [] []
[2018-09-10 19:21:33] my_logger.INFO: Request for :INR [] []
[2018-09-10 19:21:51] my_logger.INFO: Request for :INR [] []
[2018-09-10 19:22:06] my_logger.INFO: Request for :INR [] []
[2018-09-10 19:22:17] my_logger.INFO: Request for :THB [] []
[2018-09-10 20:47:58] my_logger.INFO: from:INR to:USD quantity:100 [] []
[2018-09-10 20:48:46] my_logger.INFO: from:INR to:USD quantity:100 [] []
[2018-09-10 20:49:01] my_logger.INFO: from:INR to:USD quantity:100 [] []
[2018-09-10 20:49:01] my_logger.INFO: from:INR to:USD quantity:100 [] []
[2018-09-10 20:49:02] my_logger.INFO: from:INR to:USD quantity:100 [] []
[2018-09-10 20:49:02] my_logger.INFO: from:INR to:USD quantity:100 [] []
[2018-09-10 20:49:02] my_logger.INFO: from:INR to:USD quantity:100 [] []
[2018-09-10 20:49:02] my_logger.INFO: from:INR to:USD quantity:100 [] []
[2018-09-10 20:49:03] my_logger.INFO: from:INR to:USD quantity:100 [] []
[2018-09-10 20:49:03] my_logger.INFO: from:INR to:USD quantity:100 [] []
[2018-09-10 20:49:19] my_logger.INFO: from:INR to:USD quantity:100 [] []
[2018-09-10 20:55:09] my_logger.INFO: from:INR to:USD quantity:100 [] []
[2018-09-10 20:56:03] my_logger.INFO: Request for :USD [] []
[2018-09-10 20:57:13] my_logger.INFO: Request for :USD [] []
[2018-09-10 20:57:24] my_logger.INFO: Request for :USD [] []
[2018-09-10 20:57:39] my_logger.INFO: Request for :USD [] []
[2018-09-10 20:57:59] my_logger.INFO: Request for :USD [] []
[2018-09-10 20:58:04] my_logger.INFO: Request for :USD [] []
[2018-09-10 21:17:29] my_logger.INFO: Request for :from:INR to:USD quantity:100 [] []
[2018-09-10 21:17:33] my_logger.INFO: Request for :from:INR to:USD quantity:x [] []
[2018-09-10 21:17:37] my_logger.INFO: Request for :from:INR to:USD quantity:x [] []
[2018-09-10 21:18:17] my_logger.INFO: Request for :from:INR to:USD quantity:x [] []
[2018-09-10 21:18:26] my_logger.INFO: Request for :from:INR to:USD quantity:x [] []
[2018-09-10 21:18:27] my_logger.INFO: Request for :from:INR to:USD quantity:x [] []
[2018-09-10 21:18:27] my_logger.INFO: Request for :from:INR to:USD quantity:x [] []
[2018-09-10 21:18:27] my_logger.INFO: Request for :from:INR to:USD quantity:x [] []
[2018-09-10 21:18:27] my_logger.INFO: Request for :from:INR to:USD quantity:x [] []
[2018-09-10 21:19:56] my_logger.INFO: Request for :from:INR to:USD quantity:x [] []
[2018-09-10 21:21:30] my_logger.INFO: Request for :from:INR to:USD quantity:x [] []
[2018-09-10 21:23:48] my_logger.INFO: Request for :from:INR to:USD quantity:x [] []
[2018-09-10 21:36:43] my_logger.INFO: Request for :from:INR to:USD quantity:100 [] []
[2018-09-10 21:40:19] my_logger.INFO: Request for :from:INR to:USD quantity:100 [] []
[2018-09-10 21:40:48] my_logger.INFO: Request for :from:INR to:USD quantity:100 [] []
[2018-09-10 22:10:45] my_logger.INFO: Request for :from:INR to:USD quantity:100 [] []
[2018-09-10 22:10:59] my_logger.INFO: Request for :from:INR to:USD quantity:100 [] []
[2018-09-10 22:14:29] my_logger.INFO: Request for :from:INR to:USD quantity:100 [] []
[2018-09-10 22:17:17] my_logger.INFO: Request for :from:INR to:USD quantity:100 [] []
[2018-09-10 22:18:46] my_logger.INFO: Request for :from:INR to:USD quantity:100 [] []
[2018-09-10 22:18:49] my_logger.INFO: Request for :from:INR to:USD quantity:100 [] []
[2018-09-10 22:19:04] my_logger.INFO: Request for :from:INR to:USD quantity:100 [] []
[2018-09-10 22:19:40] my_logger.INFO: Request for :from:INR to:USD quantity:100 [] []
[2018-09-10 22:19:56] my_logger.INFO: Request for :from:INR to:USD quantity:100 [] []
[2018-09-10 22:20:20] my_logger.INFO: Request for :from:INR to:USD quantity:100 [] []
[2018-09-10 22:26:31] my_logger.INFO: Request for :from:INR to:USD quantity:100 [] []
[2018-09-10 22:26:33] my_logger.INFO: Request for :from:INR to:USD quantity:100 [] []
[2018-09-10 22:27:03] my_logger.INFO: Request for :from:INR to:USD quantity:100 [] []
[2018-09-10 22:27:14] my_logger.INFO: Request for :from:INR to:USD quantity:100 [] []
[2018-09-10 22:27:21] my_logger.INFO: Request for :from:INR to:USD quantity:100 [] []
[2018-09-10 22:39:41] my_logger.INFO: Request for :from:INR to:USD quantity:100 [] []
[2018-09-10 22:39:48] my_logger.INFO: Request for :from:INR to:USD quantity:100 [] []
[2018-09-10 22:40:26] my_logger.INFO: Request for :from:INR to:USD quantity:100 [] []
[2018-09-10 22:40:53] my_logger.INFO: Request for :from:INR to:USD quantity:100 [] []
[2018-09-10 22:41:03] my_logger.INFO: Request for :from:INR to:USD quantity:100 [] []
[2018-09-10 22:41:05] my_logger.INFO: Request for :from:INR to:USD quantity:100 [] []
[2018-09-10 22:41:05] my_logger.INFO: Request for :from:INR to:USD quantity:100 [] []
[2018-09-10 22:41:06] my_logger.INFO: Request for :from:INR to:USD quantity:100 [] []
[2018-09-10 22:41:06] my_logger.INFO: Request for :from:INR to:USD quantity:100 [] []
[2018-09-10 22:41:23] my_logger.INFO: Request for :from:INR to:USD quantity:100 [] []
[2018-09-10 22:41:49] my_logger.INFO: Request for :from:INR to:USD quantity:100 [] []
[2018-09-10 22:41:50] my_logger.INFO: Request for :from:INR to:USD quantity:100 [] []
[2018-09-10 22:41:51] my_logger.INFO: Request for :from:INR to:USD quantity:100 [] []
[2018-09-10 22:41:51] my_logger.INFO: Request for :from:INR to:USD quantity:100 [] []
[2018-09-10 22:41:51] my_logger.INFO: Request for :from:INR to:USD quantity:100 [] []
[2018-09-10 22:41:51] my_logger.INFO: Request for :from:INR to:USD quantity:100 [] []
[2018-09-10 22:41:51] my_logger.INFO: Request for :from:INR to:USD quantity:100 [] []
[2018-09-10 22:41:52] my_logger.INFO: Request for :from:INR to:USD quantity:100 [] []
[2018-09-10 22:41:52] my_logger.INFO: Request for :from:INR to:USD quantity:100 [] []
[2018-09-10 22:41:52] my_logger.INFO: Request for :from:INR to:USD quantity:100 [] []
[2018-09-10 22:41:52] my_logger.INFO: Request for :from:INR to:USD quantity:100 [] []
[2018-09-10 22:41:52] my_logger.INFO: Request for :from:INR to:USD quantity:100 [] []
[2018-09-10 22:41:52] my_logger.INFO: Request for :from:INR to:USD quantity:100 [] []
[2018-09-10 22:41:53] my_logger.INFO: Request for :from:INR to:USD quantity:100 [] []
[2018-09-10 22:41:53] my_logger.INFO: Request for :from:INR to:USD quantity:100 [] []
[2018-09-10 22:41:56] my_logger.INFO: Request for :USD [] []
[2018-09-10 22:41:59] my_logger.INFO: Request for :USD [] []
[2018-09-10 22:42:00] my_logger.INFO: Request for :USD [] []
[2018-09-10 22:42:14] my_logger.INFO: Request for :USD [] []
[2018-09-10 22:42:20] my_logger.INFO: Request for :USD [] []
[2018-09-10 22:42:20] my_logger.INFO: Request for :USD [] []
[2018-09-10 22:42:20] my_logger.INFO: Request for :USD [] []
[2018-09-10 22:42:21] my_logger.INFO: Request for :USD [] []
[2018-09-10 22:42:21] my_logger.INFO: Request for :USD [] []
[2018-09-10 22:42:21] my_logger.INFO: Request for :USD [] []
[2018-09-10 23:20:03] my_logger.INFO: Request for :from:INR to:USD quantity:100 [] []
[2018-09-10 23:48:24] my_logger.INFO: Request for :from:INR to:USD quantity:100 [] []
[2018-09-10 23:48:24] my_logger.INFO: Request for :from:INR to:USD quantity:100 [] []
[2018-09-10 23:48:24] my_logger.INFO: Request for :from:INR to:USD quantity:100 [] []
[2018-09-10 23:48:25] my_logger.INFO: Request for :from:INR to:USD quantity:100 [] []
[2018-09-10 23:51:33] my_logger.INFO: Request for :from:INR to:USD quantity:100 [] []
[2018-09-10 23:52:17] my_logger.INFO: Request for :from:INR to:USD quantity:100 [] []
[2018-09-10 23:52:27] my_logger.INFO: Request for :from:INR to:USD quantity:100 [] []
[2018-09-10 23:52:54] my_logger.INFO: Request for :from:INR to:USD quantity:100 [] []
[2018-09-10 23:53:17] my_logger.INFO: Request for :from:INR to:USD quantity:100 [] []
[2018-09-10 23:53:35] my_logger.INFO: Request for :from:INR to:USD quantity:100 [] []
[2018-09-10 23:53:48] my_logger.INFO: Request for :from:INR to:USD quantity:100 [] []
[2018-09-10 23:54:12] my_logger.INFO: Request for :from:INR to:USD quantity:100 [] []
[2018-09-10 23:54:34] my_logger.INFO: Request for :from:INR to:USD quantity:100 [] []
[2018-09-10 23:54:35] my_logger.INFO: Request for :from:INR to:USD quantity:100 [] []
[2018-09-10 23:54:35] my_logger.INFO: Request for :from:INR to:USD quantity:100 [] []
[2018-09-10 23:54:56] my_logger.INFO: Request for :from:INR to:USD quantity:100 [] []
[2018-09-11 00:01:57] my_logger.INFO: Request for :from:INR to:USD quantity:100 [] []
[2018-09-11 00:01:58] my_logger.INFO: Request for :from:INR to:USD quantity:100 [] []
[2018-09-11 00:01:59] my_logger.INFO: Request for :from:INR to:USD quantity:100 [] []
[2018-09-11 00:02:00] my_logger.INFO: Request for :from:INR to:USD quantity:100 [] []
[2018-09-11 00:40:38] my_logger.INFO: Request for :from:INR to:USD quantity:100 [] []
[2018-09-11 00:40:42] my_logger.INFO: Request for :INR [] []
[2018-09-11 00:41:12] my_logger.INFO: Request for :INR [] []
